Using pre-set license
Built from '2021.3/staging' branch; Version is '2021.3.23f1 (213b516bf396) revision 2177873'; Using compiler version '192829333'; Build Type 'Release'
OS: 'Windows 11  (10.0.22621) 64bit CoreSingleLanguage' Language: 'en' Physical Memory: 15713 MB
BatchMode: 1, IsHumanControllingUs: 0, StartBugReporterOnCrash: 0, Is64bit: 1, IsPro: 1

COMMAND LINE ARGUMENTS:
C:\Program Files\Unity\Hub\Editor\2021.3.23f1\Editor\Unity.exe
-adb2
-batchMode
-noUpm
-name
AssetImportWorker1
-projectPath
C:/Users/vaish/Documents/GitHub/FINASIH/nexus
-logFile
Logs/AssetImportWorker1.log
-srvPort
51541
Successfully changed project path to: C:/Users/vaish/Documents/GitHub/FINASIH/nexus
C:/Users/vaish/Documents/GitHub/FINASIH/nexus
[UnityMemory] Configuration Parameters - Can be set up in boot.config
    "memorysetup-bucket-allocator-granularity=16"
    "memorysetup-bucket-allocator-bucket-count=8"
    "memorysetup-bucket-allocator-block-size=33554432"
    "memorysetup-bucket-allocator-block-count=8"
    "memorysetup-main-allocator-block-size=16777216"
    "memorysetup-thread-allocator-block-size=16777216"
    "memorysetup-gfx-main-allocator-block-size=16777216"
    "memorysetup-gfx-thread-allocator-block-size=16777216"
    "memorysetup-cache-allocator-block-size=4194304"
    "memorysetup-typetree-allocator-block-size=2097152"
    "memorysetup-profiler-bucket-allocator-granularity=16"
    "memorysetup-profiler-bucket-allocator-bucket-count=8"
    "memorysetup-profiler-bucket-allocator-block-size=33554432"
    "memorysetup-profiler-bucket-allocator-block-count=8"
    "memorysetup-profiler-allocator-block-size=16777216"
    "memorysetup-profiler-editor-allocator-block-size=1048576"
    "memorysetup-temp-allocator-size-main=16777216"
    "memorysetup-job-temp-allocator-block-size=2097152"
    "memorysetup-job-temp-allocator-block-size-background=1048576"
    "memorysetup-job-temp-allocator-reduction-small-platforms=262144"
    "memorysetup-temp-allocator-size-background-worker=32768"
    "memorysetup-temp-allocator-size-job-worker=262144"
    "memorysetup-temp-allocator-size-preload-manager=33554432"
    "memorysetup-temp-allocator-size-nav-mesh-worker=65536"
    "memorysetup-temp-allocator-size-audio-worker=65536"
    "memorysetup-temp-allocator-size-cloud-worker=32768"
    "memorysetup-temp-allocator-size-gi-baking-worker=262144"
    "memorysetup-temp-allocator-size-gfx=262144"
Player connection [23500] Host "[IP] 10.21.81.47 [Port] 0 [Flags] 2 [Guid] 4096306643 [EditorId] 4096306643 [Version] 1048832 [Id] WindowsEditor(7,pikachu) [Debug] 1 [PackageName] WindowsEditor [ProjectName] Editor" joined multi-casting on [225.0.0.222:54997]...

Player connection [23500] Host "[IP] 10.21.81.47 [Port] 0 [Flags] 2 [Guid] 4096306643 [EditorId] 4096306643 [Version] 1048832 [Id] WindowsEditor(7,pikachu) [Debug] 1 [PackageName] WindowsEditor [ProjectName] Editor" joined alternative multi-casting on [225.0.0.222:34997]...

Refreshing native plugins compatible for Editor in 143.24 ms, found 4 plugins.
Preloading 0 native plugins for Editor in 0.00 ms.
Initialize engine version: 2021.3.23f1 (213b516bf396)
[Subsystems] Discovering subsystems at path C:/Program Files/Unity/Hub/Editor/2021.3.23f1/Editor/Data/Resources/UnitySubsystems
[Subsystems] Discovering subsystems at path C:/Users/vaish/Documents/GitHub/FINASIH/nexus/Assets
GfxDevice: creating device client; threaded=0; jobified=0
Direct3D:
    Version:  Direct3D 11.0 [level 11.1]
    Renderer: NVIDIA GeForce RTX 3050 Laptop GPU (ID=0x25a2)
    Vendor:   NVIDIA
    VRAM:     3977 MB
    Driver:   31.0.15.2656
Initialize mono
Mono path[0] = 'C:/Program Files/Unity/Hub/Editor/2021.3.23f1/Editor/Data/Managed'
Mono path[1] = 'C:/Program Files/Unity/Hub/Editor/2021.3.23f1/Editor/Data/MonoBleedingEdge/lib/mono/unityjit-win32'
Mono config path = 'C:/Program Files/Unity/Hub/Editor/2021.3.23f1/Editor/Data/MonoBleedingEdge/etc'
Using monoOptions --debugger-agent=transport=dt_socket,embedding=1,server=y,suspend=n,address=127.0.0.1:56672
Begin MonoManager ReloadAssembly
Registering precompiled unity dll's ...
Register platform support module: C:/Program Files/Unity/Hub/Editor/2021.3.23f1/Editor/Data/PlaybackEngines/AndroidPlayer/UnityEditor.Android.Extensions.dll
Register platform support module: C:/Program Files/Unity/Hub/Editor/2021.3.23f1/Editor/Data/PlaybackEngines/WindowsStandaloneSupport/UnityEditor.WindowsStandalone.Extensions.dll
Registered in 0.017537 seconds.
Native extension for WindowsStandalone target not found
Native extension for Android target not found
Android Extension - Scanning For ADB Devices 537 ms
Refreshing native plugins compatible for Editor in 167.03 ms, found 4 plugins.
Preloading 0 native plugins for Editor in 0.00 ms.
Mono: successfully reloaded assembly
- Completed reload, in  1.647 seconds
Domain Reload Profiling:
	ReloadAssembly (1648ms)
		BeginReloadAssembly (152ms)
			ExecutionOrderSort (0ms)
			DisableScriptedObjects (0ms)
			BackupInstance (0ms)
			ReleaseScriptingObjects (0ms)
			CreateAndSetChildDomain (1ms)
		EndReloadAssembly (1334ms)
			LoadAssemblies (146ms)
			RebuildTransferFunctionScriptingTraits (0ms)
			SetupTypeCache (175ms)
			ReleaseScriptCaches (0ms)
			RebuildScriptCaches (42ms)
			SetupLoadedEditorAssemblies (1029ms)
				LogAssemblyErrors (0ms)
				InitializePlatformSupportModulesInManaged (644ms)
				SetLoadedEditorAssemblies (0ms)
				RefreshPlugins (167ms)
				BeforeProcessingInitializeOnLoad (3ms)
				ProcessInitializeOnLoadAttributes (145ms)
				ProcessInitializeOnLoadMethodAttributes (70ms)
				AfterProcessingInitializeOnLoad (0ms)
				EditorAssembliesLoaded (0ms)
			ExecutionOrderSort2 (0ms)
			AwakeInstancesAfterBackupRestoration (0ms)
Platform modules already initialized, skipping
Registering precompiled user dll's ...
Registered in 0.020301 seconds.
Begin MonoManager ReloadAssembly
Native extension for WindowsStandalone target not found
Native extension for Android target not found
Refreshing native plugins compatible for Editor in 99.29 ms, found 4 plugins.
Preloading 0 native plugins for Editor in 0.00 ms.
Mono: successfully reloaded assembly
- Completed reload, in  1.374 seconds
Domain Reload Profiling:
	ReloadAssembly (1375ms)
		BeginReloadAssembly (155ms)
			ExecutionOrderSort (0ms)
			DisableScriptedObjects (9ms)
			BackupInstance (0ms)
			ReleaseScriptingObjects (0ms)
			CreateAndSetChildDomain (23ms)
		EndReloadAssembly (1075ms)
			LoadAssemblies (124ms)
			RebuildTransferFunctionScriptingTraits (0ms)
			SetupTypeCache (263ms)
			ReleaseScriptCaches (1ms)
			RebuildScriptCaches (72ms)
			SetupLoadedEditorAssemblies (569ms)
				LogAssemblyErrors (0ms)
				InitializePlatformSupportModulesInManaged (20ms)
				SetLoadedEditorAssemblies (0ms)
				RefreshPlugins (99ms)
				BeforeProcessingInitializeOnLoad (119ms)
				ProcessInitializeOnLoadAttributes (274ms)
				ProcessInitializeOnLoadMethodAttributes (43ms)
				AfterProcessingInitializeOnLoad (14ms)
				EditorAssembliesLoaded (0ms)
			ExecutionOrderSort2 (0ms)
			AwakeInstancesAfterBackupRestoration (7ms)
Platform modules already initialized, skipping
========================================================================
Worker process is ready to serve import requests
Launched and connected shader compiler UnityShaderCompiler.exe after 0.07 seconds
Refreshing native plugins compatible for Editor in 0.72 ms, found 4 plugins.
Preloading 0 native plugins for Editor in 0.00 ms.
Unloading 3737 Unused Serialized files (Serialized files now loaded: 0)
Unloading 41 unused Assets / (229.5 KB). Loaded Objects now: 4192.
Memory consumption went from 142.9 MB to 142.7 MB.
Total: 3.746800 ms (FindLiveObjects: 0.296100 ms CreateObjectMapping: 0.139400 ms MarkObjects: 3.090900 ms  DeleteObjects: 0.219300 ms)

AssetImportParameters requested are different than current active one (requested -> active):
  custom:video-decoder-ogg-theora: a1e56fd34408186e4bbccfd4996cb3dc -> 
  custom:container-muxer-webm: aa71ff27fc2769a1b78a27578f13a17b -> 
  custom:container-demuxer-webm: 4f35f7cbe854078d1ac9338744f61a02 -> 
  custom:video-encoder-webm-vp8: eb34c28f22e8b96e1ab97ce403110664 -> 
  custom:video-codec-MediaFoundation-h265: 746d11721c4dcdbdad8f713fa42b33f4 -> 
  custom:audio-encoder-webm-vorbis: bf7c407c2cedff20999df2af8eb42d56 -> 
  custom:framework-win-MediaFoundation: 216162199b28c13a410421893ffa2e32 -> 
  custom:container-demuxer-ogg: 62fdf1f143b41e24485cea50d1cbac27 -> 
  custom:video-decoder-webm-vp8: 9c59270c3fd7afecdb556c50c9e8de78 -> 
  custom:audio-decoder-ogg-vorbis: bf7c407c2cedff20999df2af8eb42d56 -> 
========================================================================
Received Import Request.
  Time since last request: 9815.299554 seconds.
  path: Assets/obstacle/avoidable_spike_roller_just_roller_09.png
  artifactKey: Guid(0485c82f42a411140a9c2deb461ecaba) Importer(815301076,1909f56bfc062723c751e8b465ee728b)
Start importing Assets/obstacle/avoidable_spike_roller_just_roller_09.png using Guid(0485c82f42a411140a9c2deb461ecaba) Importer(815301076,1909f56bfc062723c751e8b465ee728b)  -> (artifact id: '960d7ac3f93d3becd6bd15b2cd465953') in 0.233359 seconds 
========================================================================
Received Import Request.
  Time since last request: 0.000045 seconds.
  path: Assets/obstacle/small_wood_spike_03.png
  artifactKey: Guid(d319c0b0a3e7a5048bb211a041e4e7be) Importer(815301076,1909f56bfc062723c751e8b465ee728b)
Start importing Assets/obstacle/small_wood_spike_03.png using Guid(d319c0b0a3e7a5048bb211a041e4e7be) Importer(815301076,1909f56bfc062723c751e8b465ee728b)  -> (artifact id: '7633bc5b45238375c78b25193ffc1132') in 0.054164 seconds 
========================================================================
Received Import Request.
  Time since last request: 0.000048 seconds.
  path: Assets/obstacle/small_wood_spike_02.png
  artifactKey: Guid(c5042d33d7f342c42badd8c99c95e5f4) Importer(815301076,1909f56bfc062723c751e8b465ee728b)
Start importing Assets/obstacle/small_wood_spike_02.png using Guid(c5042d33d7f342c42badd8c99c95e5f4) Importer(815301076,1909f56bfc062723c751e8b465ee728b)  -> (artifact id: '2408db1702d45a6eed9d9846513d6aaf') in 0.041606 seconds 
========================================================================
Received Import Request.
  Time since last request: 0.000026 seconds.
  path: Assets/obstacle/small_wood_spike.png
  artifactKey: Guid(586feeeca0a0d0845ab827b239385907) Importer(815301076,1909f56bfc062723c751e8b465ee728b)
Start importing Assets/obstacle/small_wood_spike.png using Guid(586feeeca0a0d0845ab827b239385907) Importer(815301076,1909f56bfc062723c751e8b465ee728b)  -> (artifact id: '9dce8f11ac211a73db646e9120c8926b') in 0.044452 seconds 
========================================================================
Received Import Request.
  Time since last request: 0.000046 seconds.
  path: Assets/obstacle/small_metal_spike.png
  artifactKey: Guid(ca573c9921a57174a8586f042aed0aa8) Importer(815301076,1909f56bfc062723c751e8b465ee728b)
Start importing Assets/obstacle/small_metal_spike.png using Guid(ca573c9921a57174a8586f042aed0aa8) Importer(815301076,1909f56bfc062723c751e8b465ee728b)  -> (artifact id: '49eaeba5582e865a774ce7e5279d5f0d') in 0.036931 seconds 
========================================================================
Received Import Request.
  Time since last request: 0.417002 seconds.
  path: Assets/background image/City1 Variant.prefab
  artifactKey: Guid(9d9f3f5388ed36f49a330f0060fd9b77) Importer(815301076,1909f56bfc062723c751e8b465ee728b)
Start importing Assets/background image/City1 Variant.prefab using Guid(9d9f3f5388ed36f49a330f0060fd9b77) Importer(815301076,1909f56bfc062723c751e8b465ee728b)  -> (artifact id: '6c9ad1ec7da2490aed8db7f075cf410d') in 0.100218 seconds 
========================================================================
Received Import Request.
  Time since last request: 0.000065 seconds.
  path: Assets/background image/City4.png
  artifactKey: Guid(ef6eb6aa217b8b34f8000128a71c54e9) Importer(815301076,1909f56bfc062723c751e8b465ee728b)
Start importing Assets/background image/City4.png using Guid(ef6eb6aa217b8b34f8000128a71c54e9) Importer(815301076,1909f56bfc062723c751e8b465ee728b)  -> (artifact id: '32c09171cdc06c48cc96e07dd41a231a') in 0.207812 seconds 
========================================================================
Received Import Request.
  Time since last request: 0.000043 seconds.
  path: Assets/background image/City2.png
  artifactKey: Guid(86eff4a0e7693a04380820cd416f44f9) Importer(815301076,1909f56bfc062723c751e8b465ee728b)
Start importing Assets/background image/City2.png using Guid(86eff4a0e7693a04380820cd416f44f9) Importer(815301076,1909f56bfc062723c751e8b465ee728b)  -> (artifact id: '3a5573b354e08ba2473917d243bd49e5') in 0.181485 seconds 
========================================================================
Received Import Request.
  Time since last request: 60.906484 seconds.
  path: Assets/Free-Pixel-Art-Street-2D-Backgrounds/PNG/City2/Bright/City2.png
  artifactKey: Guid(1eb2fd736778f9044bf843e6581f828c) Importer(815301076,1909f56bfc062723c751e8b465ee728b)
Start importing Assets/Free-Pixel-Art-Street-2D-Backgrounds/PNG/City2/Bright/City2.png using Guid(1eb2fd736778f9044bf843e6581f828c) Importer(815301076,1909f56bfc062723c751e8b465ee728b)  -> (artifact id: 'd5d1e494d40173d4f878bce614fcb4d8') in 0.162723 seconds 
========================================================================
Received Import Request.
  Time since last request: 0.000041 seconds.
  path: Assets/Free-Pixel-Art-Street-2D-Backgrounds/PNG/City2/Bright/minishop&callbox.png
  artifactKey: Guid(b228a1534fd05d24d953b79056576fc6) Importer(815301076,1909f56bfc062723c751e8b465ee728b)
Start importing Assets/Free-Pixel-Art-Street-2D-Backgrounds/PNG/City2/Bright/minishop&callbox.png using Guid(b228a1534fd05d24d953b79056576fc6) Importer(815301076,1909f56bfc062723c751e8b465ee728b)  -> (artifact id: '592a1ec8f023ea968dc302d4767be076') in 0.172439 seconds 
========================================================================
Received Import Request.
  Time since last request: 0.000040 seconds.
  path: Assets/Free-Pixel-Art-Street-2D-Backgrounds/PNG/City2/Bright/houses3.png
  artifactKey: Guid(0254e4dcfe1d4d14e98ac5a61526e4bc) Importer(815301076,1909f56bfc062723c751e8b465ee728b)
Start importing Assets/Free-Pixel-Art-Street-2D-Backgrounds/PNG/City2/Bright/houses3.png using Guid(0254e4dcfe1d4d14e98ac5a61526e4bc) Importer(815301076,1909f56bfc062723c751e8b465ee728b)  -> (artifact id: 'c0fc149a9eaccd4e6f9513e52e7d675c') in 0.203975 seconds 
========================================================================
Received Import Request.
  Time since last request: 4.915116 seconds.
  path: Assets/Free-Pixel-Art-Street-2D-Backgrounds/PNG/City1/Bright/buildings.png
  artifactKey: Guid(af6e1fe74a6c3c743ad5b1b07c09fa6b) Importer(815301076,1909f56bfc062723c751e8b465ee728b)
Start importing Assets/Free-Pixel-Art-Street-2D-Backgrounds/PNG/City1/Bright/buildings.png using Guid(af6e1fe74a6c3c743ad5b1b07c09fa6b) Importer(815301076,1909f56bfc062723c751e8b465ee728b)  -> (artifact id: '0289e5d86e21738be11b5a0b78514e35') in 0.167291 seconds 
========================================================================
Received Import Request.
  Time since last request: 0.000053 seconds.
  path: Assets/Free-Pixel-Art-Street-2D-Backgrounds/PNG/City1/Bright/road&border.png
  artifactKey: Guid(b97c7601330c01c4581081c6b6bc506e) Importer(815301076,1909f56bfc062723c751e8b465ee728b)
Start importing Assets/Free-Pixel-Art-Street-2D-Backgrounds/PNG/City1/Bright/road&border.png using Guid(b97c7601330c01c4581081c6b6bc506e) Importer(815301076,1909f56bfc062723c751e8b465ee728b)  -> (artifact id: '104b2426296c7e66f832c8a04cac93b4') in 0.252243 seconds 
========================================================================
Received Prepare
Registering precompiled user dll's ...
Registered in 0.017919 seconds.
Begin MonoManager ReloadAssembly
Native extension for WindowsStandalone target not found
Native extension for Android target not found
Refreshing native plugins compatible for Editor in 1.02 ms, found 4 plugins.
Preloading 0 native plugins for Editor in 0.00 ms.
Mono: successfully reloaded assembly
- Completed reload, in  1.796 seconds
Domain Reload Profiling:
	ReloadAssembly (1798ms)
		BeginReloadAssembly (250ms)
			ExecutionOrderSort (0ms)
			DisableScriptedObjects (11ms)
			BackupInstance (0ms)
			ReleaseScriptingObjects (0ms)
			CreateAndSetChildDomain (60ms)
		EndReloadAssembly (1335ms)
			LoadAssemblies (190ms)
			RebuildTransferFunctionScriptingTraits (0ms)
			SetupTypeCache (392ms)
			ReleaseScriptCaches (2ms)
			RebuildScriptCaches (72ms)
			SetupLoadedEditorAssemblies (615ms)
				LogAssemblyErrors (0ms)
				InitializePlatformSupportModulesInManaged (34ms)
				SetLoadedEditorAssemblies (1ms)
				RefreshPlugins (1ms)
				BeforeProcessingInitializeOnLoad (133ms)
				ProcessInitializeOnLoadAttributes (352ms)
				ProcessInitializeOnLoadMethodAttributes (66ms)
				AfterProcessingInitializeOnLoad (28ms)
				EditorAssembliesLoaded (0ms)
			ExecutionOrderSort2 (0ms)
			AwakeInstancesAfterBackupRestoration (14ms)
Platform modules already initialized, skipping
Refreshing native plugins compatible for Editor in 5.68 ms, found 4 plugins.
Preloading 0 native plugins for Editor in 0.00 ms.
Unloading 3732 Unused Serialized files (Serialized files now loaded: 0)
Unloading 28 unused Assets / (195.8 KB). Loaded Objects now: 4217.
Memory consumption went from 146.9 MB to 146.7 MB.
Total: 7.807600 ms (FindLiveObjects: 0.789600 ms CreateObjectMapping: 0.377600 ms MarkObjects: 6.361800 ms  DeleteObjects: 0.277000 ms)

AssetImportParameters requested are different than current active one (requested -> active):
  custom:video-decoder-ogg-theora: a1e56fd34408186e4bbccfd4996cb3dc -> 
  custom:container-muxer-webm: aa71ff27fc2769a1b78a27578f13a17b -> 
  custom:container-demuxer-webm: 4f35f7cbe854078d1ac9338744f61a02 -> 
  custom:video-encoder-webm-vp8: eb34c28f22e8b96e1ab97ce403110664 -> 
  custom:video-codec-MediaFoundation-h265: 746d11721c4dcdbdad8f713fa42b33f4 -> 
  custom:audio-encoder-webm-vorbis: bf7c407c2cedff20999df2af8eb42d56 -> 
  custom:framework-win-MediaFoundation: 216162199b28c13a410421893ffa2e32 -> 
  custom:container-demuxer-ogg: 62fdf1f143b41e24485cea50d1cbac27 -> 
  custom:video-decoder-webm-vp8: 9c59270c3fd7afecdb556c50c9e8de78 -> 
  custom:audio-decoder-ogg-vorbis: bf7c407c2cedff20999df2af8eb42d56 -> 
Editor requested this worker to shutdown with reason: Scaling down because of idle timeout
AssetImportWorker is now disconnected from the server
Process exiting
Exiting without the bug reporter. Application will terminate with return code 0